I, [2018-08-01T14:51:52.674251 #13162]  INFO -- default-ubuntu-1604: -----> Converging <default-ubuntu-1604>...
I, [2018-08-01T14:51:52.677134 #13162]  INFO -- default-ubuntu-1604: Preparing files for transfer
I, [2018-08-01T14:51:52.677768 #13162]  INFO -- default-ubuntu-1604: Preparing dna.json
I, [2018-08-01T14:51:52.680836 #13162]  INFO -- default-ubuntu-1604: Resolving cookbook dependencies with Berkshelf 7.0.4...
I, [2018-08-01T14:51:59.350687 #13162]  INFO -- default-ubuntu-1604: Removing non-cookbook files before transfer
I, [2018-08-01T14:51:59.354245 #13162]  INFO -- default-ubuntu-1604: Preparing validation.pem
I, [2018-08-01T14:51:59.357349 #13162]  INFO -- default-ubuntu-1604: Preparing client.rb
I, [2018-08-01T14:51:59.568007 #13162]  INFO -- default-ubuntu-1604: -----> Chef Omnibus installation detected (install only if missing)
I, [2018-08-01T14:51:59.590080 #13162]  INFO -- default-ubuntu-1604: Transferring files to <default-ubuntu-1604>
I, [2018-08-01T14:52:01.123431 #13162]  INFO -- default-ubuntu-1604: Starting Chef Client, version 14.3.37
I, [2018-08-01T14:52:02.489662 #13162]  INFO -- default-ubuntu-1604: resolving cookbooks for run list: ["nginx::default"]
I, [2018-08-01T14:52:02.510833 #13162]  INFO -- default-ubuntu-1604: Synchronizing Cookbooks:
I, [2018-08-01T14:52:02.527360 #13162]  INFO -- default-ubuntu-1604:   - nginx (0.1.0)
I, [2018-08-01T14:52:02.528521 #13162]  INFO -- default-ubuntu-1604: Installing Cookbook Gems:
I, [2018-08-01T14:52:02.532128 #13162]  INFO -- default-ubuntu-1604: Compiling Cookbooks...
I, [2018-08-01T14:52:02.538645 #13162]  INFO -- default-ubuntu-1604: Converging 6 resources
I, [2018-08-01T14:52:02.541174 #13162]  INFO -- default-ubuntu-1604: Recipe: nginx::default
I, [2018-08-01T14:52:02.543299 #13162]  INFO -- default-ubuntu-1604:   * apt_update[update_sources] action update
I, [2018-08-01T14:52:02.544324 #13162]  INFO -- default-ubuntu-1604:     - force update new lists of packages
I, [2018-08-01T14:52:02.547390 #13162]  INFO -- default-ubuntu-1604:     * directory[/var/lib/apt/periodic] action create (up to date)
I, [2018-08-01T14:52:02.550394 #13162]  INFO -- default-ubuntu-1604:     * directory[/etc/apt/apt.conf.d] action create (up to date)
I, [2018-08-01T14:52:02.552860 #13162]  INFO -- default-ubuntu-1604:     * file[/etc/apt/apt.conf.d/15update-stamp] action create_if_missing (up to date)
I, [2018-08-01T14:52:08.326413 #13162]  INFO -- default-ubuntu-1604:     * execute[apt-get -q update] action run
I, [2018-08-01T14:52:08.328448 #13162]  INFO -- default-ubuntu-1604:       - execute apt-get -q update
I, [2018-08-01T14:52:08.335980 #13162]  INFO -- default-ubuntu-1604:   
I, [2018-08-01T14:52:08.415187 #13162]  INFO -- default-ubuntu-1604:   * apt_package[nginx] action install (up to date)
I, [2018-08-01T14:52:08.512692 #13162]  INFO -- default-ubuntu-1604:   * service[nginx] action enable (up to date)
I, [2018-08-01T14:52:08.607277 #13162]  INFO -- default-ubuntu-1604:   * service[nginx] action start (up to date)
I, [2018-08-01T14:52:08.612298 #13162]  INFO -- default-ubuntu-1604:   * template[/etc/nginx/sites-available/proxy.conf] action create (up to date)
I, [2018-08-01T14:52:08.614298 #13162]  INFO -- default-ubuntu-1604:   * link[/etc/nginx/sites-enabled/proxy.conf] action create (up to date)
I, [2018-08-01T14:52:08.615478 #13162]  INFO -- default-ubuntu-1604:   * link[/etc/nginx/sites-enabled/default] action delete (up to date)
I, [2018-08-01T14:52:08.665513 #13162]  INFO -- default-ubuntu-1604: 
I, [2018-08-01T14:52:08.665606 #13162]  INFO -- default-ubuntu-1604: Running handlers:
I, [2018-08-01T14:52:08.665664 #13162]  INFO -- default-ubuntu-1604: Running handlers complete
I, [2018-08-01T14:52:08.666030 #13162]  INFO -- default-ubuntu-1604: Chef Client finished, 2/11 resources updated in 07 seconds
I, [2018-08-01T14:52:08.678945 #13162]  INFO -- default-ubuntu-1604: Downloading files from <default-ubuntu-1604>
I, [2018-08-01T14:52:08.685673 #13162]  INFO -- default-ubuntu-1604: Finished converging <default-ubuntu-1604> (0m16.01s).
